2007.09.10 23:22 B d:\Schule\Klassen\limonadenfabrik\limonadenfabrik_alt\bilder\baustelle.jpg --> powerc103.toptip.nu /html/limonadenfabrik/limonadenfabrik_alt/bilder baustelle.jpg
2007.09.10 23:22 B d:\Schule\Klassen\limonadenfabrik\limonadenfabrik_alt\bilder\bild_landschaft.jpg --> powerc103.toptip.nu /html/limonadenfabrik/limonadenfabrik_alt/bilder bild_landschaft.jpg
2007.09.10 23:23 B d:\Schule\Klassen\limonadenfabrik\limonadenfabrik_alt\bilder\bitter_lemon.png --> powerc103.toptip.nu /html/limonadenfabrik/limonadenfabrik_alt/bilder bitter_lemon.png
2007.09.10 23:24 B d:\Schule\Klassen\limonadenfabrik\limonadenfabrik_alt\bilder\bitter_lemon.xcf --> powerc103.toptip.nu /html/limonadenfabrik/limonadenfabrik_alt/bilder bitter_lemon.xcf
2007.09.10 23:24 B d:\Schule\Klassen\limonadenfabrik\limonadenfabrik_alt\bilder\Fluffy_Logo.png --> powerc103.toptip.nu /html/limonadenfabrik/limonadenfabrik_alt/bilder Fluffy_Logo.png
2007.09.10 23:24 B d:\Schule\Klassen\limonadenfabrik\limonadenfabrik_alt\bilder\Fluffy_Logo_Animation.gif --> powerc103.toptip.nu /html/limonadenfabrik/limonadenfabrik_alt/bilder Fluffy_Logo_Animation.gif
2007.09.10 23:24 B d:\Schule\Klassen\limonadenfabrik\limonadenfabrik_alt\bilder\inlineskate.jpg --> powerc103.toptip.nu /html/limonadenfabrik/limonadenfabrik_alt/bilder inlineskate.jpg
2007.09.10 23:24 B d:\Schule\Klassen\limonadenfabrik\limonadenfabrik_alt\bilder\limo1.jpg --> powerc103.toptip.nu /html/limonadenfabrik/limonadenfabrik_alt/bilder limo1.jpg
2007.09.10 23:24 B d:\Schule\Klassen\limonadenfabrik\limonadenfabrik_alt\bilder\limo1.png --> powerc103.toptip.nu /html/limonadenfabrik/limonadenfabrik_alt/bilder limo1.png
2007.09.10 23:24 B d:\Schule\Klassen\limonadenfabrik\limonadenfabrik_alt\bilder\limo1.xcf --> powerc103.toptip.nu /html/limonadenfabrik/limonadenfabrik_alt/bilder limo1.xcf
2007.09.10 23:24 B d:\Schule\Klassen\limonadenfabrik\limonadenfabrik_alt\bilder\limo2.gif --> powerc103.toptip.nu /html/limonadenfabrik/limonadenfabrik_alt/bilder limo2.gif
2007.09.10 23:24 B d:\Schule\Klassen\limonadenfabrik\limonadenfabrik_alt\bilder\limo3.jpg --> powerc103.toptip.nu /html/limonadenfabrik/limonadenfabrik_alt/bilder limo3.jpg
2007.09.10 23:24 B d:\Schule\Klassen\limonadenfabrik\limonadenfabrik_alt\bilder\limo4.jpg --> powerc103.toptip.nu /html/limonadenfabrik/limonadenfabrik_alt/bilder limo4.jpg
2007.09.10 23:24 B d:\Schule\Klassen\limonadenfabrik\limonadenfabrik_alt\bilder\limo5.jpg --> powerc103.toptip.nu /html/limonadenfabrik/limonadenfabrik_alt/bilder limo5.jpg
2007.09.10 23:25 B d:\Schule\Klassen\limonadenfabrik\limonadenfabrik_alt\bilder\limo6.jpg --> powerc103.toptip.nu /html/limonadenfabrik/limonadenfabrik_alt/bilder limo6.jpg
2007.09.10 23:25 B d:\Schule\Klassen\limonadenfabrik\limonadenfabrik_alt\bilder\limo7.jpg --> powerc103.toptip.nu /html/limonadenfabrik/limonadenfabrik_alt/bilder limo7.jpg
2007.09.10 23:25 B d:\Schule\Klassen\limonadenfabrik\limonadenfabrik_alt\bilder\limo_familienpack.png --> powerc103.toptip.nu /html/limonadenfabrik/limonadenfabrik_alt/bilder limo_familienpack.png
2007.09.10 23:25 B d:\Schule\Klassen\limonadenfabrik\limonadenfabrik_alt\bilder\limo_familienpack.xcf --> powerc103.toptip.nu /html/limonadenfabrik/limonadenfabrik_alt/bilder limo_familienpack.xcf
2007.09.10 23:25 B d:\Schule\Klassen\limonadenfabrik\limonadenfabrik_alt\bilder\limo_kiste.png --> powerc103.toptip.nu /html/limonadenfabrik/limonadenfabrik_alt/bilder limo_kiste.png
2007.09.10 23:26 B d:\Schule\Klassen\limonadenfabrik\limonadenfabrik_alt\bilder\limo_kiste.xcf --> powerc103.toptip.nu /html/limonadenfabrik/limonadenfabrik_alt/bilder limo_kiste.xcf
2007.09.10 23:26 B d:\Schule\Klassen\limonadenfabrik\limonadenfabrik_alt\bilder\radfahrer.jpg --> powerc103.toptip.nu /html/limonadenfabrik/limonadenfabrik_alt/bilder radfahrer.jpg
2007.09.10 23:26 B d:\Schule\Klassen\limonadenfabrik\limonadenfabrik_alt\bilder\sportler.jpg --> powerc103.toptip.nu /html/limonadenfabrik/limonadenfabrik_alt/bilder sportler.jpg
2007.09.11 09:36 B d:\Schule\Klassen\limonadenfabrik\limonadenfabrik_alt\bilder\WS_FTP.LOG --> powerc103.toptip.nu /html/limonadenfabrik/limonadenfabrik_alt/bilder WS_FTP.LOG
2007.09.11 21:26 B d:\Schule\Klassen\limonadenfabrik\limonadenfabrik_alt\bilder\WS_FTP.LOG --> powerc103.toptip.nu /html/limonadenfabrik/limonadenfabrik_alt/bilder WS_FTP.LOG
2007.09.11 21:27 B d:\Schule\Klassen\limonadenfabrik\limonadenfabrik_alt\bilder\WS_FTP.LOG --> powerc103.toptip.nu /html/limonadenfabrik/limonadenfabrik_alt/bilder WS_FTP.LOG
2007.09.12 13:16 B d:\Schule\Klassen\limonadenfabrik\limonadenfabrik_alt\bilder\WS_FTP.LOG --> powerc103.toptip.nu /html/limonadenfabrik/limonadenfabrik_alt/bilder WS_FTP.LOG
2007.09.30 11:43 B d:\Schule\Klassen\limonadenfabrik\limonadenfabrik_alt\bilder\WS_FTP.LOG --> powerc103.toptip.nu /html/limonadenfabrik/limonadenfabrik_alt/bilder WS_FTP.LOG
2007.09.30 11:55 B d:\Schule\Klassen\limonadenfabrik\limonadenfabrik_alt\bilder\WS_FTP.LOG --> powerc103.toptip.nu /html/limonadenfabrik/limonadenfabrik_alt/bilder WS_FTP.LOG
2007.10.02 17:11 B d:\Schule\Klassen\limonadenfabrik\limonadenfabrik_alt\bilder\WS_FTP.LOG --> powerc103.toptip.nu /html/limonadenfabrik/limonadenfabrik_alt/bilder WS_FTP.LOG
2008.05.06 00:07 B d:\Schule\Klassen\Profil_9\limonadenfabrik\limonadenfabrik_alt\bilder\baustelle.jpg --> powerc103.toptip.nu /html/limonadenfabrik/limonadenfabrik_alt/bilder baustelle.jpg
2008.05.06 00:07 B d:\Schule\Klassen\Profil_9\limonadenfabrik\limonadenfabrik_alt\bilder\bild_landschaft.jpg --> powerc103.toptip.nu /html/limonadenfabrik/limonadenfabrik_alt/bilder bild_landschaft.jpg
2008.05.06 00:07 B d:\Schule\Klassen\Profil_9\limonadenfabrik\limonadenfabrik_alt\bilder\bitter_lemon.png --> powerc103.toptip.nu /html/limonadenfabrik/limonadenfabrik_alt/bilder bitter_lemon.png
2008.05.06 00:07 B d:\Schule\Klassen\Profil_9\limonadenfabrik\limonadenfabrik_alt\bilder\Fluffy_Logo.png --> powerc103.toptip.nu /html/limonadenfabrik/limonadenfabrik_alt/bilder Fluffy_Logo.png
2008.05.06 00:07 B d:\Schule\Klassen\Profil_9\limonadenfabrik\limonadenfabrik_alt\bilder\Fluffy_Logo_Animation.gif --> powerc103.toptip.nu /html/limonadenfabrik/limonadenfabrik_alt/bilder Fluffy_Logo_Animation.gif
2008.05.06 00:07 B d:\Schule\Klassen\Profil_9\limonadenfabrik\limonadenfabrik_alt\bilder\inlineskate.jpg --> powerc103.toptip.nu /html/limonadenfabrik/limonadenfabrik_alt/bilder inlineskate.jpg
2008.05.06 00:07 B d:\Schule\Klassen\Profil_9\limonadenfabrik\limonadenfabrik_alt\bilder\limo1.jpg --> powerc103.toptip.nu /html/limonadenfabrik/limonadenfabrik_alt/bilder limo1.jpg
2008.05.06 00:07 B d:\Schule\Klassen\Profil_9\limonadenfabrik\limonadenfabrik_alt\bilder\limo1.png --> powerc103.toptip.nu /html/limonadenfabrik/limonadenfabrik_alt/bilder limo1.png
2008.05.06 00:07 B d:\Schule\Klassen\Profil_9\limonadenfabrik\limonadenfabrik_alt\bilder\limo2.gif --> powerc103.toptip.nu /html/limonadenfabrik/limonadenfabrik_alt/bilder limo2.gif
2008.05.06 00:07 B d:\Schule\Klassen\Profil_9\limonadenfabrik\limonadenfabrik_alt\bilder\limo3.jpg --> powerc103.toptip.nu /html/limonadenfabrik/limonadenfabrik_alt/bilder limo3.jpg
2008.05.06 00:07 B d:\Schule\Klassen\Profil_9\limonadenfabrik\limonadenfabrik_alt\bilder\limo4.jpg --> powerc103.toptip.nu /html/limonadenfabrik/limonadenfabrik_alt/bilder limo4.jpg
2008.05.06 00:07 B d:\Schule\Klassen\Profil_9\limonadenfabrik\limonadenfabrik_alt\bilder\limo5.jpg --> powerc103.toptip.nu /html/limonadenfabrik/limonadenfabrik_alt/bilder limo5.jpg
2008.05.06 00:08 B d:\Schule\Klassen\Profil_9\limonadenfabrik\limonadenfabrik_alt\bilder\limo6.jpg --> powerc103.toptip.nu /html/limonadenfabrik/limonadenfabrik_alt/bilder limo6.jpg
2008.05.06 00:08 B d:\Schule\Klassen\Profil_9\limonadenfabrik\limonadenfabrik_alt\bilder\limo7.jpg --> powerc103.toptip.nu /html/limonadenfabrik/limonadenfabrik_alt/bilder limo7.jpg
2008.05.06 00:08 B d:\Schule\Klassen\Profil_9\limonadenfabrik\limonadenfabrik_alt\bilder\limo_familienpack.png --> powerc103.toptip.nu /html/limonadenfabrik/limonadenfabrik_alt/bilder limo_familienpack.png
2008.05.06 00:09 B d:\Schule\Klassen\Profil_9\limonadenfabrik\limonadenfabrik_alt\bilder\limo_kiste.png --> powerc103.toptip.nu /html/limonadenfabrik/limonadenfabrik_alt/bilder limo_kiste.png
2008.05.06 00:09 B d:\Schule\Klassen\Profil_9\limonadenfabrik\limonadenfabrik_alt\bilder\radfahrer.jpg --> powerc103.toptip.nu /html/limonadenfabrik/limonadenfabrik_alt/bilder radfahrer.jpg
2008.05.06 00:09 B d:\Schule\Klassen\Profil_9\limonadenfabrik\limonadenfabrik_alt\bilder\sportler.jpg --> powerc103.toptip.nu /html/limonadenfabrik/limonadenfabrik_alt/bilder sportler.jpg
2008.05.06 00:09 B d:\Schule\Klassen\Profil_9\limonadenfabrik\limonadenfabrik_alt\bilder\WS_FTP.LOG --> powerc103.toptip.nu /html/limonadenfabrik/limonadenfabrik_alt/bilder WS_FTP.LOG
2008.05.19 23:16 B d:\Schule\Klassen\Profil_9\limonadenfabrik\limonadenfabrik_alt\bilder\WS_FTP.LOG --> powerc103.toptip.nu /html/limonadenfabrik/limonadenfabrik_alt/bilder WS_FTP.LOG
2011.02.14 08:50 B s:\Schule\Klassen\Profil_8\limonadenfabrik\limonadenfabrik_alt\bilder\WS_FTP.LOG --> powerc103.toptip.nu /html/limonadenfabrik/limonadenfabrik_alt/bilder WS_FTP.LOG
